十二月 30, 2016 12:02:26 上午 org.apache.catalina.core.StandardServer await
信息: A valid shutdown command was received via the shutdown port. Stopping the Server instance.
十二月 30, 2016 12:02:26 上午 org.apache.coyote.AbstractProtocol pause
信息: Pausing ProtocolHandler ["http-bio-8080"]
十二月 30, 2016 12:02:26 上午 org.apache.coyote.AbstractProtocol pause
信息: Pausing ProtocolHandler ["ajp-bio-8009"]
十二月 30, 2016 12:02:26 上午 org.apache.catalina.core.StandardService stopInternal
信息: Stopping service Catalina
十二月 30, 2016 12:02:26 上午 org.apache.coyote.AbstractProtocol stop
信息: Stopping ProtocolHandler ["http-bio-8080"]
十二月 30, 2016 12:02:26 上午 org.apache.coyote.AbstractProtocol stop
信息: Stopping ProtocolHandler ["ajp-bio-8009"]
十二月 30, 2016 12:02:26 上午 org.apache.coyote.AbstractProtocol destroy
信息: Destroying ProtocolHandler ["http-bio-8080"]
十二月 30, 2016 12:02:26 上午 org.apache.coyote.AbstractProtocol destroy
信息: Destroying ProtocolHandler ["ajp-bio-8009"]
十二月 30, 2016 12:02:35 上午 org.apache.catalina.startup.VersionLoggerListener log
信息: Server version:        Apache Tomcat/7.0.73
十二月 30, 2016 12:02:35 上午 org.apache.catalina.startup.VersionLoggerListener log
信息: Server built:          Nov 7 2016 21:27:23 UTC
十二月 30, 2016 12:02:35 上午 org.apache.catalina.startup.VersionLoggerListener log
信息: Server number:         7.0.73.0
十二月 30, 2016 12:02:35 上午 org.apache.catalina.startup.VersionLoggerListener log
信息: OS Name:               Mac OS X
十二月 30, 2016 12:02:35 上午 org.apache.catalina.startup.VersionLoggerListener log
信息: OS Version:            10.12.2
十二月 30, 2016 12:02:35 上午 org.apache.catalina.startup.VersionLoggerListener log
信息: Architecture:          x86_64
十二月 30, 2016 12:02:35 上午 org.apache.catalina.startup.VersionLoggerListener log
信息: Java Home:             /Library/Java/JavaVirtualMachines/jdk1.8.0_101.jdk/Contents/Home/jre
十二月 30, 2016 12:02:35 上午 org.apache.catalina.startup.VersionLoggerListener log
信息: JVM Version:           1.8.0_101-b13
十二月 30, 2016 12:02:35 上午 org.apache.catalina.startup.VersionLoggerListener log
信息: JVM Vendor:            Oracle Corporation
十二月 30, 2016 12:02:35 上午 org.apache.catalina.startup.VersionLoggerListener log
信息: CATALINA_BASE:         /Users/shendepu/install/apache-tomcat-7.0.73
十二月 30, 2016 12:02:35 上午 org.apache.catalina.startup.VersionLoggerListener log
信息: CATALINA_HOME:         /Users/shendepu/install/apache-tomcat-7.0.73
十二月 30, 2016 12:02:35 上午 org.apache.catalina.startup.VersionLoggerListener log
信息: Command line argument: -Djava.util.logging.config.file=/Users/shendepu/install/apache-tomcat-7.0.73/conf/logging.properties
十二月 30, 2016 12:02:35 上午 org.apache.catalina.startup.VersionLoggerListener log
信息: Command line argument: -Djava.util.logging.manager=org.apache.juli.ClassLoaderLogManager
十二月 30, 2016 12:02:35 上午 org.apache.catalina.startup.VersionLoggerListener log
信息: Command line argument: -Djdk.tls.ephemeralDHKeySize=2048
十二月 30, 2016 12:02:35 上午 org.apache.catalina.startup.VersionLoggerListener log
信息: Command line argument: -Djava.endorsed.dirs=/Users/shendepu/install/apache-tomcat-7.0.73/endorsed
十二月 30, 2016 12:02:35 上午 org.apache.catalina.startup.VersionLoggerListener log
信息: Command line argument: -Dcatalina.base=/Users/shendepu/install/apache-tomcat-7.0.73
十二月 30, 2016 12:02:35 上午 org.apache.catalina.startup.VersionLoggerListener log
信息: Command line argument: -Dcatalina.home=/Users/shendepu/install/apache-tomcat-7.0.73
十二月 30, 2016 12:02:35 上午 org.apache.catalina.startup.VersionLoggerListener log
信息: Command line argument: -Djava.io.tmpdir=/Users/shendepu/install/apache-tomcat-7.0.73/temp
十二月 30, 2016 12:02:35 上午 org.apache.catalina.core.AprLifecycleListener lifecycleEvent
信息: The APR based Apache Tomcat Native library which allows optimal performance in production environments was not found on the java.library.path: /Users/shendepu/Library/Java/Extensions:/Library/Java/Extensions:/Network/Library/Java/Extensions:/System/Library/Java/Extensions:/usr/lib/java:.
十二月 30, 2016 12:02:35 上午 org.apache.coyote.AbstractProtocol init
信息: Initializing ProtocolHandler ["http-bio-8080"]
十二月 30, 2016 12:02:35 上午 org.apache.coyote.AbstractProtocol init
信息: Initializing ProtocolHandler ["ajp-bio-8009"]
十二月 30, 2016 12:02:35 上午 org.apache.catalina.startup.Catalina load
信息: Initialization processed in 843 ms
十二月 30, 2016 12:02:35 上午 org.apache.catalina.core.StandardService startInternal
信息: Starting service Catalina
十二月 30, 2016 12:02:35 上午 org.apache.catalina.core.StandardEngine startInternal
信息: Starting Servlet Engine: Apache Tomcat/7.0.73
十二月 30, 2016 12:02:35 上午 org.apache.catalina.startup.HostConfig deployDirectory
信息: Deploying web application directory /Users/shendepu/install/apache-tomcat-7.0.73/webapps/docs
十二月 30, 2016 12:02:35 上午 org.apache.catalina.startup.HostConfig deployDirectory
信息: Deployment of web application directory /Users/shendepu/install/apache-tomcat-7.0.73/webapps/docs has finished in 427 ms
十二月 30, 2016 12:02:35 上午 org.apache.catalina.startup.HostConfig deployDirectory
信息: Deploying web application directory /Users/shendepu/install/apache-tomcat-7.0.73/webapps/examples
十二月 30, 2016 12:02:36 上午 org.apache.catalina.startup.HostConfig deployDirectory
信息: Deployment of web application directory /Users/shendepu/install/apache-tomcat-7.0.73/webapps/examples has finished in 553 ms
十二月 30, 2016 12:02:36 上午 org.apache.catalina.startup.HostConfig deployDirectory
信息: Deploying web application directory /Users/shendepu/install/apache-tomcat-7.0.73/webapps/host-manager
十二月 30, 2016 12:02:36 上午 org.apache.catalina.startup.HostConfig deployDirectory
信息: Deployment of web application directory /Users/shendepu/install/apache-tomcat-7.0.73/webapps/host-manager has finished in 79 ms
十二月 30, 2016 12:02:36 上午 org.apache.catalina.startup.HostConfig deployDirectory
信息: Deploying web application directory /Users/shendepu/install/apache-tomcat-7.0.73/webapps/manager
十二月 30, 2016 12:02:36 上午 org.apache.catalina.startup.HostConfig deployDirectory
信息: Deployment of web application directory /Users/shendepu/install/apache-tomcat-7.0.73/webapps/manager has finished in 80 ms
十二月 30, 2016 12:02:36 上午 org.apache.catalina.startup.HostConfig deployDirectory
信息: Deploying web application directory /Users/shendepu/install/apache-tomcat-7.0.73/webapps/ROOT
十二月 30, 2016 12:02:36 上午 org.apache.catalina.startup.HostConfig deployDirectory
信息: Deployment of web application directory /Users/shendepu/install/apache-tomcat-7.0.73/webapps/ROOT has finished in 59 ms
十二月 30, 2016 12:02:36 上午 org.apache.catalina.startup.HostConfig deployDirectory
信息: Deploying web application directory /Users/shendepu/install/apache-tomcat-7.0.73/webapps/shengulong
十二月 30, 2016 12:02:36 上午 org.apache.catalina.loader.WebappClassLoaderBase validateJarFile
信息: validateJarFile(/Users/shendepu/install/apache-tomcat-7.0.73/webapps/shengulong/WEB-INF/lib/servlet-api.jar) - jar not loaded. See Servlet Spec 3.0, section 10.7.2. Offending class: javax/servlet/Servlet.class
十二月 30, 2016 12:02:36 上午 org.apache.catalina.startup.HostConfig deployDirectory
信息: Deployment of web application directory /Users/shendepu/install/apache-tomcat-7.0.73/webapps/shengulong has finished in 65 ms
十二月 30, 2016 12:02:36 上午 org.apache.coyote.AbstractProtocol start
信息: Starting ProtocolHandler ["http-bio-8080"]
十二月 30, 2016 12:02:36 上午 org.apache.coyote.AbstractProtocol start
信息: Starting ProtocolHandler ["ajp-bio-8009"]
十二月 30, 2016 12:02:36 上午 org.apache.catalina.startup.Catalina start
信息: Server startup in 1346 ms
十二月 30, 2016 12:06:16 上午 org.apache.catalina.core.StandardServer await
信息: A valid shutdown command was received via the shutdown port. Stopping the Server instance.
十二月 30, 2016 12:06:16 上午 org.apache.coyote.AbstractProtocol pause
信息: Pausing ProtocolHandler ["http-bio-8080"]
十二月 30, 2016 12:06:16 上午 org.apache.coyote.AbstractProtocol pause
信息: Pausing ProtocolHandler ["ajp-bio-8009"]
十二月 30, 2016 12:06:16 上午 org.apache.catalina.core.StandardService stopInternal
信息: Stopping service Catalina
十二月 30, 2016 12:06:16 上午 org.apache.coyote.AbstractProtocol stop
信息: Stopping ProtocolHandler ["http-bio-8080"]
十二月 30, 2016 12:06:16 上午 org.apache.coyote.AbstractProtocol stop
信息: Stopping ProtocolHandler ["ajp-bio-8009"]
十二月 30, 2016 12:06:16 上午 org.apache.coyote.AbstractProtocol destroy
信息: Destroying ProtocolHandler ["http-bio-8080"]
十二月 30, 2016 12:06:16 上午 org.apache.coyote.AbstractProtocol destroy
信息: Destroying ProtocolHandler ["ajp-bio-8009"]
十二月 30, 2016 12:08:15 上午 org.apache.catalina.startup.VersionLoggerListener log
信息: Server version:        Apache Tomcat/7.0.73
十二月 30, 2016 12:08:15 上午 org.apache.catalina.startup.VersionLoggerListener log
信息: Server built:          Nov 7 2016 21:27:23 UTC
十二月 30, 2016 12:08:15 上午 org.apache.catalina.startup.VersionLoggerListener log
信息: Server number:         7.0.73.0
十二月 30, 2016 12:08:15 上午 org.apache.catalina.startup.VersionLoggerListener log
信息: OS Name:               Mac OS X
十二月 30, 2016 12:08:15 上午 org.apache.catalina.startup.VersionLoggerListener log
信息: OS Version:            10.12.2
十二月 30, 2016 12:08:15 上午 org.apache.catalina.startup.VersionLoggerListener log
信息: Architecture:          x86_64
十二月 30, 2016 12:08:15 上午 org.apache.catalina.startup.VersionLoggerListener log
信息: Java Home:             /Library/Java/JavaVirtualMachines/jdk1.8.0_101.jdk/Contents/Home/jre
十二月 30, 2016 12:08:15 上午 org.apache.catalina.startup.VersionLoggerListener log
信息: JVM Version:           1.8.0_101-b13
十二月 30, 2016 12:08:15 上午 org.apache.catalina.startup.VersionLoggerListener log
信息: JVM Vendor:            Oracle Corporation
十二月 30, 2016 12:08:15 上午 org.apache.catalina.startup.VersionLoggerListener log
信息: CATALINA_BASE:         /Users/shendepu/install/apache-tomcat-7.0.73
十二月 30, 2016 12:08:15 上午 org.apache.catalina.startup.VersionLoggerListener log
信息: CATALINA_HOME:         /Users/shendepu/install/apache-tomcat-7.0.73
十二月 30, 2016 12:08:15 上午 org.apache.catalina.startup.VersionLoggerListener log
信息: Command line argument: -Djava.util.logging.config.file=/Users/shendepu/install/apache-tomcat-7.0.73/conf/logging.properties
十二月 30, 2016 12:08:15 上午 org.apache.catalina.startup.VersionLoggerListener log
信息: Command line argument: -Djava.util.logging.manager=org.apache.juli.ClassLoaderLogManager
十二月 30, 2016 12:08:16 上午 org.apache.catalina.startup.VersionLoggerListener log
信息: Command line argument: -Djdk.tls.ephemeralDHKeySize=2048
十二月 30, 2016 12:08:16 上午 org.apache.catalina.startup.VersionLoggerListener log
信息: Command line argument: -Djava.endorsed.dirs=/Users/shendepu/install/apache-tomcat-7.0.73/endorsed
十二月 30, 2016 12:08:16 上午 org.apache.catalina.startup.VersionLoggerListener log
信息: Command line argument: -Dcatalina.base=/Users/shendepu/install/apache-tomcat-7.0.73
十二月 30, 2016 12:08:16 上午 org.apache.catalina.startup.VersionLoggerListener log
信息: Command line argument: -Dcatalina.home=/Users/shendepu/install/apache-tomcat-7.0.73
十二月 30, 2016 12:08:16 上午 org.apache.catalina.startup.VersionLoggerListener log
信息: Command line argument: -Djava.io.tmpdir=/Users/shendepu/install/apache-tomcat-7.0.73/temp
十二月 30, 2016 12:08:16 上午 org.apache.catalina.core.AprLifecycleListener lifecycleEvent
信息: The APR based Apache Tomcat Native library which allows optimal performance in production environments was not found on the java.library.path: /Users/shendepu/Library/Java/Extensions:/Library/Java/Extensions:/Network/Library/Java/Extensions:/System/Library/Java/Extensions:/usr/lib/java:.
十二月 30, 2016 12:08:16 上午 org.apache.coyote.AbstractProtocol init
信息: Initializing ProtocolHandler ["http-bio-8080"]
十二月 30, 2016 12:08:16 上午 org.apache.coyote.AbstractProtocol init
信息: Initializing ProtocolHandler ["ajp-bio-8009"]
十二月 30, 2016 12:08:16 上午 org.apache.catalina.startup.Catalina load
信息: Initialization processed in 934 ms
十二月 30, 2016 12:08:16 上午 org.apache.catalina.core.StandardService startInternal
信息: Starting service Catalina
十二月 30, 2016 12:08:16 上午 org.apache.catalina.core.StandardEngine startInternal
信息: Starting Servlet Engine: Apache Tomcat/7.0.73
十二月 30, 2016 12:08:16 上午 org.apache.catalina.startup.HostConfig deployDirectory
信息: Deploying web application directory /Users/shendepu/install/apache-tomcat-7.0.73/webapps/docs
十二月 30, 2016 12:08:16 上午 org.apache.catalina.startup.HostConfig deployDirectory
信息: Deployment of web application directory /Users/shendepu/install/apache-tomcat-7.0.73/webapps/docs has finished in 417 ms
十二月 30, 2016 12:08:16 上午 org.apache.catalina.startup.HostConfig deployDirectory
信息: Deploying web application directory /Users/shendepu/install/apache-tomcat-7.0.73/webapps/examples
十二月 30, 2016 12:08:17 上午 org.apache.catalina.startup.HostConfig deployDirectory
信息: Deployment of web application directory /Users/shendepu/install/apache-tomcat-7.0.73/webapps/examples has finished in 645 ms
十二月 30, 2016 12:08:17 上午 org.apache.catalina.startup.HostConfig deployDirectory
信息: Deploying web application directory /Users/shendepu/install/apache-tomcat-7.0.73/webapps/host-manager
十二月 30, 2016 12:08:17 上午 org.apache.catalina.startup.HostConfig deployDirectory
信息: Deployment of web application directory /Users/shendepu/install/apache-tomcat-7.0.73/webapps/host-manager has finished in 75 ms
十二月 30, 2016 12:08:17 上午 org.apache.catalina.startup.HostConfig deployDirectory
信息: Deploying web application directory /Users/shendepu/install/apache-tomcat-7.0.73/webapps/manager
十二月 30, 2016 12:08:17 上午 org.apache.catalina.startup.HostConfig deployDirectory
信息: Deployment of web application directory /Users/shendepu/install/apache-tomcat-7.0.73/webapps/manager has finished in 72 ms
十二月 30, 2016 12:08:17 上午 org.apache.catalina.startup.HostConfig deployDirectory
信息: Deploying web application directory /Users/shendepu/install/apache-tomcat-7.0.73/webapps/ROOT
十二月 30, 2016 12:08:17 上午 org.apache.catalina.startup.HostConfig deployDirectory
信息: Deployment of web application directory /Users/shendepu/install/apache-tomcat-7.0.73/webapps/ROOT has finished in 67 ms
十二月 30, 2016 12:08:17 上午 org.apache.catalina.startup.HostConfig deployDirectory
信息: Deploying web application directory /Users/shendepu/install/apache-tomcat-7.0.73/webapps/shengulong
十二月 30, 2016 12:08:17 上午 org.apache.catalina.loader.WebappClassLoaderBase validateJarFile
信息: validateJarFile(/Users/shendepu/install/apache-tomcat-7.0.73/webapps/shengulong/WEB-INF/lib/servlet-api.jar) - jar not loaded. See Servlet Spec 3.0, section 10.7.2. Offending class: javax/servlet/Servlet.class
十二月 30, 2016 12:08:17 上午 org.apache.catalina.startup.HostConfig deployDirectory
信息: Deployment of web application directory /Users/shendepu/install/apache-tomcat-7.0.73/webapps/shengulong has finished in 61 ms
十二月 30, 2016 12:08:17 上午 org.apache.coyote.AbstractProtocol start
信息: Starting ProtocolHandler ["http-bio-8080"]
十二月 30, 2016 12:08:17 上午 org.apache.coyote.AbstractProtocol start
信息: Starting ProtocolHandler ["ajp-bio-8009"]
十二月 30, 2016 12:08:17 上午 org.apache.catalina.startup.Catalina start
信息: Server startup in 1447 ms
