十二月 30, 2016 12:02:26 上午 org.apache.catalina.core.ApplicationContext log
信息: SessionListener: contextDestroyed()
十二月 30, 2016 12:02:26 上午 org.apache.catalina.core.ApplicationContext log
信息: ContextListener: contextDestroyed()
十二月 30, 2016 12:02:36 上午 org.apache.catalina.core.ApplicationContext log
信息: ContextListener: contextInitialized()
十二月 30, 2016 12:02:36 上午 org.apache.catalina.core.ApplicationContext log
信息: SessionListener: contextInitialized()
十二月 30, 2016 12:02:36 上午 org.apache.catalina.core.ApplicationContext log
信息: ContextListener: attributeAdded('org.apache.jasper.compiler.TldLocationsCache', 'org.apache.jasper.compiler.TldLocationsCache@744c1b83')
十二月 30, 2016 12:06:16 上午 org.apache.catalina.core.ApplicationContext log
信息: SessionListener: contextDestroyed()
十二月 30, 2016 12:06:16 上午 org.apache.catalina.core.ApplicationContext log
信息: ContextListener: contextDestroyed()
十二月 30, 2016 12:08:17 上午 org.apache.catalina.core.ApplicationContext log
信息: ContextListener: contextInitialized()
十二月 30, 2016 12:08:17 上午 org.apache.catalina.core.ApplicationContext log
信息: SessionListener: contextInitialized()
十二月 30, 2016 12:08:17 上午 org.apache.catalina.core.ApplicationContext log
信息: ContextListener: attributeAdded('org.apache.jasper.compiler.TldLocationsCache', 'org.apache.jasper.compiler.TldLocationsCache@6794afec')
